Export started at 2020-04-11 18:12:43
Output target is D:\My Document\ESB System\ESB_v1.7.zip
--------------------------------------------------
[Configuration/Alarm/Alarm Detection] - Exporting Alarm.ARM_EZUnreachable
--------------------------------------------------
[Configuration/CBS/Aggregation Profile] - Exporting CBS.PRF_Aggregation_CBSAccountService
[Configuration/CBS/Aggregation Profile] - Exporting CBS.PRF_Aggregation_CBSAccountService_1
[Configuration/CBS/Aggregation Profile] - Exporting CBS.PRF_Aggregation_CBSCustomerService
[Configuration/CBS/Aggregation Profile] - Exporting CBS.PRF_Aggregation_CBSCustomerService_1
[Configuration/CBS/Aggregation Profile] - Exporting CBS.PRF_Aggregation_CBSLoanService_EZ1
[Configuration/CBS/Aggregation Profile] - Exporting CBS.PRF_Aggregation_CBSLoanService_EZ2
[Configuration/CBS/Aggregation Profile] - Exporting CBS.PRF_Aggregation_GetCustomerDetail
[Configuration/CBS/Aggregation Profile] - Exporting CBS.PRF_Aggregation_GetCustomerDetail_1
[Configuration/CBS/Aggregation Profile] - Exporting CBS.PRF_Aggregation_RegisterService
[Configuration/CBS/Aggregation Profile] - Exporting CBS.PRF_Aggregation_RegisterService_1
[Configuration/CBS/Aggregation Profile] - Exporting CBS.PRF_Aggregation_UtilityService
[Configuration/CBS/Aggregation Profile] - Exporting CBS.PRF_Aggregation_UtilityService_1
--------------------------------------------------
[Configuration/CBS/APL Code] - Exporting CBS.APL_CBSAccountService
[Configuration/CBS/APL Code] - Exporting CBS.APL_CBSCustomerService
[Configuration/CBS/APL Code] - Exporting CBS.APL_CBSLoanService
[Configuration/CBS/APL Code] - Exporting CBS.APL_CBSPromptPayService
[Configuration/CBS/APL Code] - Exporting CBS.APL_CBSRegistrationService
[Configuration/CBS/APL Code] - Exporting CBS.APL_Default_ABCS
[Configuration/CBS/APL Code] - Exporting CBS.APL_Default_TLLOG
[Configuration/CBS/APL Code] - Exporting CBS.APL_UtilityService_ABCS
[Configuration/CBS/APL Code] - Exporting CBS.APL_UtilityService_MBASE
--------------------------------------------------
[Configuration/CBS/Ultra Format] - Exporting CBS.UFL_ABCS_Header
[Configuration/CBS/Ultra Format] - Exporting CBS.UFL_ABCS_Rejected
[Configuration/CBS/Ultra Format] - Exporting CBS.UFL_DSP_Header
[Configuration/CBS/Ultra Format] - Exporting CBS.UFL_Aggregation
[Configuration/CBS/Ultra Format] - Exporting CBS.UFL_MBASE_Header
[Configuration/CBS/Ultra Format] - Exporting CBS.UFL_MBERROR
[Configuration/CBS/Ultra Format] - Exporting CBS.UFL_TLLOG
--------------------------------------------------
[Configuration/CBS/WS Profile] - Exporting CBS.PRF_WS_CBSAccountService
[Configuration/CBS/WS Profile] - Exporting CBS.PRF_WS_CBSCustomerService
[Configuration/CBS/WS Profile] - Exporting CBS.PRF_WS_CBSLoanService
[Configuration/CBS/WS Profile] - Exporting CBS.PRF_WS_CBSPassbookService
[Configuration/CBS/WS Profile] - Exporting CBS.PRF_WS_CBSPromptPayService
[Configuration/CBS/WS Profile] - Exporting CBS.PRF_WS_CBSRegistrationService
[Configuration/CBS/WS Profile] - Exporting CBS.PRF_WS_CBSUtilityService
--------------------------------------------------
[Configuration/CCMS/Aggregation Profile] - Exporting CCMS.PRF_Aggregation_CCMSService_1_EZ1
[Configuration/CCMS/Aggregation Profile] - Exporting CCMS.PRF_Aggregation_CCMSService_1_EZ2
[Configuration/CCMS/Aggregation Profile] - Exporting CCMS.PRF_Aggregation_CCMSService_2_EZ1
[Configuration/CCMS/Aggregation Profile] - Exporting CCMS.PRF_Aggregation_CCMSService_2_EZ2
[Configuration/CCMS/Aggregation Profile] - Exporting CCMS.PRF_Aggregation_CCMSService_3_EZ1
[Configuration/CCMS/Aggregation Profile] - Exporting CCMS.PRF_Aggregation_CCMSService_3_EZ2
[Configuration/CCMS/Aggregation Profile] - Exporting CCMS.PRF_Aggregation_CCMSService_4_EZ1
[Configuration/CCMS/Aggregation Profile] - Exporting CCMS.PRF_Aggregation_CCMSService_4_EZ2
--------------------------------------------------
[Configuration/CCMS/APL Code] - Exporting CCMS.APL_CCMSService
--------------------------------------------------
[Configuration/CCMS/Workflow] - Exporting CCMS.WFL_CCMS_Outbound
--------------------------------------------------
[Configuration/CCMS/WS Profile] - Exporting CCMS.PRF_WS_CCMSService
--------------------------------------------------
[Configuration/CM/Aggregation Profile] - Exporting CM.PRF_Aggregation_CMSServiceIn
[Configuration/CM/Aggregation Profile] - Exporting CM.PRF_Aggregation_CMSServiceOut
[Configuration/CM/Aggregation Profile] - Exporting CM.PRF_Aggregation_OutboundService_1_EZ1
[Configuration/CM/Aggregation Profile] - Exporting CM.PRF_Aggregation_OutboundService_1_EZ2
[Configuration/CM/Aggregation Profile] - Exporting CM.PRF_Aggregation_OutboundService_2_EZ1
[Configuration/CM/Aggregation Profile] - Exporting CM.PRF_Aggregation_OutboundService_2_EZ2
[Configuration/CM/Aggregation Profile] - Exporting CM.PRF_Aggregation_OutboundService_3_EZ1
[Configuration/CM/Aggregation Profile] - Exporting CM.PRF_Aggregation_OutboundService_3_EZ2
[Configuration/CM/Aggregation Profile] - Exporting CM.PRF_Aggregation_OutboundService_4_EZ1
[Configuration/CM/Aggregation Profile] - Exporting CM.PRF_Aggregation_OutboundService_4_EZ2
--------------------------------------------------
[Configuration/CM/APL Code] - Exporting CM.APL_CMSService
--------------------------------------------------
[Configuration/CM/Python Interpreter Profile] - Exporting CM.PRF_Python
--------------------------------------------------
[Configuration/CM/Python Module] - Exporting CM.PYM_Common
[Configuration/CM/Python Module] - Exporting CM.PYM_CMService
[Configuration/CM/Python Module] - Exporting CM.PYM_Test_SMTP
--------------------------------------------------
[Configuration/CM/Workflow] - Exporting CM.WFL_CMS_Inbound
[Configuration/CM/Workflow] - Exporting CM.WFL_CMS_Outbound_1
[Configuration/CM/Workflow] - Exporting CM.WFL_FTP
[Configuration/CM/Workflow] - Exporting CM.WFL_Test_SMTP_2
--------------------------------------------------
[Configuration/Common/APL Code] - Exporting Common.APL_Common_ABCS
[Configuration/Common/APL Code] - Exporting Common.APL_Common_Constant
[Configuration/Common/APL Code] - Exporting Common.APL_Common_Utilities
[Configuration/Common/APL Code] - Exporting Common.APL_Common_ABCS_Log
[Configuration/Common/APL Code] - Exporting Common.APL_Common_MBASE
--------------------------------------------------
[Configuration/Common/Python Module] - Exporting Common.PYM_SYS_Logger
--------------------------------------------------
[Configuration/Default/Workflow] - Exporting Default.WRF_TEST
--------------------------------------------------
[Configuration/EMAIL/APL Code] - Exporting EMAIL.APL_EMAILService
--------------------------------------------------
[Configuration/EMAIL/Python Module] - Exporting EMAIL.PYM_SendEmail
--------------------------------------------------
[Configuration/EMAIL/Ultra Format] - Exporting EMAIL.UFL_EmailMatcher
--------------------------------------------------
[Configuration/HTTP/APL Code] - Exporting HTTP.APL_Service_Port
[Configuration/HTTP/APL Code] - Exporting HTTP.APL_XML_View_Generator
--------------------------------------------------
[Configuration/HTTP/Ultra Format] - Exporting HTTP.UFL_Httpd_ServiceList
--------------------------------------------------
[Configuration/HTTP/Workflow] - Exporting HTTP.WFL_WSDLProvider
--------------------------------------------------
[Configuration/IMB/Aggregation Profile] - Exporting IMB.PRF_Aggregation_IMBAccountService
[Configuration/IMB/Aggregation Profile] - Exporting IMB.PRF_Aggregation_IMBAccountService_1
[Configuration/IMB/Aggregation Profile] - Exporting IMB.PRF_Aggregation_IMBAddressService
[Configuration/IMB/Aggregation Profile] - Exporting IMB.PRF_Aggregation_IMBAddressService_1
[Configuration/IMB/Aggregation Profile] - Exporting IMB.PRF_Aggregation_IMBLoanService
[Configuration/IMB/Aggregation Profile] - Exporting IMB.PRF_Aggregation_IMBLoanService_1
[Configuration/IMB/Aggregation Profile] - Exporting IMB.PRF_Aggregation_IMBService
[Configuration/IMB/Aggregation Profile] - Exporting IMB.PRF_Aggregation_IMBService_1
[Configuration/IMB/Aggregation Profile] - Exporting IMB.PRF_Aggregation_IMBService_InqTDAccount
[Configuration/IMB/Aggregation Profile] - Exporting IMB.PRF_Aggregation_IMBService_InqTDAccount_1
[Configuration/IMB/Aggregation Profile] - Exporting IMB.PRF_Aggregation_IMBServiceMailing
[Configuration/IMB/Aggregation Profile] - Exporting IMB.PRF_Aggregation_IMBServiceMailing_1
[Configuration/IMB/Aggregation Profile] - Exporting IMB.PRF_Aggregation_IMBStatementService
[Configuration/IMB/Aggregation Profile] - Exporting IMB.PRF_Aggregation_IMBStatementService_1
[Configuration/IMB/Aggregation Profile] - Exporting IMB.PRF_Aggregation_IMBStateMoreService
[Configuration/IMB/Aggregation Profile] - Exporting IMB.PRF_Aggregation_IMBStateMoreService_1
--------------------------------------------------
[Configuration/IMB/APL Code] - Exporting IMB.APL_IMBAccountService
[Configuration/IMB/APL Code] - Exporting IMB.APL_IMBAddressService
[Configuration/IMB/APL Code] - Exporting IMB.APL_IMBCustomerService
[Configuration/IMB/APL Code] - Exporting IMB.APL_IMBLoanService
[Configuration/IMB/APL Code] - Exporting IMB.APL_IMBStatementService
--------------------------------------------------
[Configuration/IMB/Python Module] - Exporting IMB.PYM_IMBService
--------------------------------------------------
[Configuration/IMB/WS Profile] - Exporting IMB.PRF_WS_IMBAccountService
[Configuration/IMB/WS Profile] - Exporting IMB.PRF_WS_IMBAddressService
[Configuration/IMB/WS Profile] - Exporting IMB.PRF_WS_IMBCustomerService
[Configuration/IMB/WS Profile] - Exporting IMB.PRF_WS_IMBLoanService
[Configuration/IMB/WS Profile] - Exporting IMB.PRF_WS_IMBStatementService
--------------------------------------------------
[Configuration/LEG/Aggregation Profile] - Exporting LEG.PRF_Aggregation_EscrtService
[Configuration/LEG/Aggregation Profile] - Exporting LEG.PRF_Aggregation_EscrtService_1
[Configuration/LEG/Aggregation Profile] - Exporting LEG.PRF_Aggregation_LEGLegalService
[Configuration/LEG/Aggregation Profile] - Exporting LEG.PRF_Aggregation_LEGLegalService_1
--------------------------------------------------
[Configuration/LEG/APL Code] - Exporting LEG.APL_EscrtService
[Configuration/LEG/APL Code] - Exporting LEG.APL_LEGLegalService
--------------------------------------------------
[Configuration/LEG/Workflow] - Exporting LEG.WFL_EscrtServiceTest
--------------------------------------------------
[Configuration/LEG/WS Profile] - Exporting LEG.PRF_WS_CBSLegalService
[Configuration/LEG/WS Profile] - Exporting LEG.PRF_WS_EscrtService
--------------------------------------------------
[Configuration/LRM/Aggregation Profile] - Exporting LRM.PRF_Aggregation_LRMPaymentService
[Configuration/LRM/Aggregation Profile] - Exporting LRM.PRF_Aggregation_LRMPaymentService_1
--------------------------------------------------
[Configuration/LRM/APL Code] - Exporting LRM.APL_LRMPaymentService
--------------------------------------------------
[Configuration/LRM/WS Profile] - Exporting LRM.PRF_WS_LRMPaymentService
--------------------------------------------------
[Configuration/NCB/Aggregation Profile] - Exporting NCB.PRF_Aggregation_NCB
[Configuration/NCB/Aggregation Profile] - Exporting NCB.PRF_Aggregation_NCB_1
[Configuration/NCB/Aggregation Profile] - Exporting NCB.PRF_Aggregation_NCB_Test
[Configuration/NCB/Aggregation Profile] - Exporting NCB.PRF_Aggregation_NCB_Test_1
--------------------------------------------------
[Configuration/NCB/APL Code] - Exporting NCB.APL_NCBService
--------------------------------------------------
[Configuration/NCB/Python Interpreter Profile] - Exporting NCB.PRF_PythonNCB
--------------------------------------------------
[Configuration/NCB/Python Module] - Exporting NCB.PYM_PythonNCB
--------------------------------------------------
[Configuration/NCB/Ultra Format] - Exporting NCB.UFL_NcbSlRequestPack_Aggregation
--------------------------------------------------
[Configuration/NCB/Workflow] - Exporting NCB.WFL_ReadLogFile
--------------------------------------------------
[Configuration/NCB_FullfillData/Aggregation Profile] - Exporting NCB_FullfillData.PRF_Aggregation_NCB_Correction
--------------------------------------------------
[Configuration/NCB_FullfillData/Workflow] - Exporting NCB_FullfillData.NCB_Correction
--------------------------------------------------
[Configuration/ONCB/Aggregation Profile] - Exporting ONCB.PRF_Aggregation_ONCBService
--------------------------------------------------
[Configuration/ONCB/APL Code] - Exporting ONCB.APL_ONCBService
--------------------------------------------------
[Configuration/ONCB/Workflow] - Exporting ONCB.WFL_ONCBService
--------------------------------------------------
[Configuration/ONCB/WS Profile] - Exporting ONCB.PRF_WS_ONCBService
--------------------------------------------------
[Configuration/PPS/Aggregation Profile] - Exporting PPS.PRF_Aggregation_PPSCustomerService
[Configuration/PPS/Aggregation Profile] - Exporting PPS.PRF_Aggregation_PPSCustomerService_1
[Configuration/PPS/Aggregation Profile] - Exporting PPS.PRF_Aggregation_PPSService
[Configuration/PPS/Aggregation Profile] - Exporting PPS.PRF_Aggregation_PPSService_1
--------------------------------------------------
[Configuration/PPS/APL Code] - Exporting PPS.APL_PPSCustomerService
--------------------------------------------------
[Configuration/PPS/Ultra Format] - Exporting PPS.UFL_TCPDec
--------------------------------------------------
[Configuration/PPS/WS Profile] - Exporting PPS.PRF_WS_PPSCustomerService
--------------------------------------------------
[Configuration/SCL/Aggregation Profile] - Exporting SCL.PRF_Aggregation_SCL
[Configuration/SCL/Aggregation Profile] - Exporting SCL.PRF_Aggregation_SCL_1
--------------------------------------------------
[Configuration/SCL/APL Code] - Exporting SCL.APL_SCLService
--------------------------------------------------
[Configuration/SCL/Python Interpreter Profile] - Exporting SCL.PRF_PythonSCL
--------------------------------------------------
[Configuration/SCL/Ultra Format] - Exporting SCL.UFL_SaveServiceLog_Aggregation
--------------------------------------------------
[Configuration/SCL/WS Profile] - Exporting SCL.PRF_WS_SCLService
--------------------------------------------------
[Configuration/SMS/APL Code] - Exporting SMS.APL_SMSService
--------------------------------------------------
[Configuration/SMS/Ultra Format] - Exporting SMS.UFL_SMSMatcher
--------------------------------------------------
[Configuration/SMS/Workflow] - Exporting SMS.WFL_SMS
--------------------------------------------------
[Configuration/SMS/WS Profile] - Exporting SMS.PRF_WS_SMSService
--------------------------------------------------
[Configuration/SystemTask/Workflow] - Exporting SystemTask.Alarm_Cleaner
[Configuration/SystemTask/Workflow] - Exporting SystemTask.Archive_Cleaner
[Configuration/SystemTask/Workflow] - Exporting SystemTask.Configuration_Cleaner
[Configuration/SystemTask/Workflow] - Exporting SystemTask.ECS_Maintenance
[Configuration/SystemTask/Workflow] - Exporting SystemTask.Statistics_Cleaner
[Configuration/SystemTask/Workflow] - Exporting SystemTask.System_Backup
[Configuration/SystemTask/Workflow] - Exporting SystemTask.System_Log_Cleaner
--------------------------------------------------
[Configuration/SystemTask/Workflow Group] - Exporting SystemTask.Alarm_Cleaner_grp
[Configuration/SystemTask/Workflow Group] - Exporting SystemTask.Archive_Cleaner_grp
[Configuration/SystemTask/Workflow Group] - Exporting SystemTask.Configuration_Cleaner_grp
[Configuration/SystemTask/Workflow Group] - Exporting SystemTask.ECS_Maintenance_grp
[Configuration/SystemTask/Workflow Group] - Exporting SystemTask.Statistics_Cleaner_grp
[Configuration/SystemTask/Workflow Group] - Exporting SystemTask.System_Backup_grp
[Configuration/SystemTask/Workflow Group] - Exporting SystemTask.System_Log_Cleaner_grp
--------------------------------------------------
[Configuration/TRG/APL Code] - Exporting TRG.APL_TRGService
--------------------------------------------------
[Configuration/Ultra/Ultra Format] - Exporting Ultra.UFL_AXC804000
[Configuration/Ultra/Ultra Format] - Exporting Ultra.UFL_AXC805000
[Configuration/Ultra/Ultra Format] - Exporting Ultra.UFL_CM4876005
[Configuration/Ultra/Ultra Format] - Exporting Ultra.UFL_CM4876006
[Configuration/Ultra/Ultra Format] - Exporting Ultra.UFL_GetLocalAddressLabel
[Configuration/Ultra/Ultra Format] - Exporting Ultra.UFL_GLS696
[Configuration/Ultra/Ultra Format] - Exporting Ultra.UFL_MBASE_AddressInfo
[Configuration/Ultra/Ultra Format] - Exporting Ultra.UFL_MBASE_CD35508
[Configuration/Ultra/Ultra Format] - Exporting Ultra.UFL_MBASE_CD35556
[Configuration/Ultra/Ultra Format] - Exporting Ultra.UFL_MBASE_CD36500
[Configuration/Ultra/Ultra Format] - Exporting Ultra.UFL_MBASE_CD36556
[Configuration/Ultra/Ultra Format] - Exporting Ultra.UFL_MBASE_CFC150010
[Configuration/Ultra/Ultra Format] - Exporting Ultra.UFL_MBASE_CFC150020
[Configuration/Ultra/Ultra Format] - Exporting Ultra.UFL_MBASE_CFC150040
[Configuration/Ultra/Ultra Format] - Exporting Ultra.UFL_MBASE_CFC150090
[Configuration/Ultra/Ultra Format] - Exporting Ultra.UFL_MBASE_CFC150190
[Configuration/Ultra/Ultra Format] - Exporting Ultra.UFL_MBASE_CFC150200
[Configuration/Ultra/Ultra Format] - Exporting Ultra.UFL_MBASE_CFC150440
[Configuration/Ultra/Ultra Format] - Exporting Ultra.UFL_MBASE_CFC151070
[Configuration/Ultra/Ultra Format] - Exporting Ultra.UFL_MBASE_CFC15119_SCL
[Configuration/Ultra/Ultra Format] - Exporting Ultra.UFL_MBASE_CFC15120_SCL
[Configuration/Ultra/Ultra Format] - Exporting Ultra.UFL_MBASE_CFC152020
[Configuration/Ultra/Ultra Format] - Exporting Ultra.UFL_MBASE_CFC152120
[Configuration/Ultra/Ultra Format] - Exporting Ultra.UFL_MBASE_CFC152570
[Configuration/Ultra/Ultra Format] - Exporting Ultra.UFL_MBASE_CFC152580
[Configuration/Ultra/Ultra Format] - Exporting Ultra.UFL_MBASE_CFC152590
[Configuration/Ultra/Ultra Format] - Exporting Ultra.UFL_MBASE_CFC152600
[Configuration/Ultra/Ultra Format] - Exporting Ultra.UFL_MBASE_CFC152640
[Configuration/Ultra/Ultra Format] - Exporting Ultra.UFL_MBASE_CFC800020
[Configuration/Ultra/Ultra Format] - Exporting Ultra.UFL_MBASE_CFC800200
[Configuration/Ultra/Ultra Format] - Exporting Ultra.UFL_MBASE_CFC800730
[Configuration/Ultra/Ultra Format] - Exporting Ultra.UFL_MBASE_CFC810001IR
[Configuration/Ultra/Ultra Format] - Exporting Ultra.UFL_MBASE_CFC810010IR
[Configuration/Ultra/Ultra Format] - Exporting Ultra.UFL_MBASE_DD20001
[Configuration/Ultra/Ultra Format] - Exporting Ultra.UFL_MBASE_DD22001
[Configuration/Ultra/Ultra Format] - Exporting Ultra.UFL_MBASE_DD22002
[Configuration/Ultra/Ultra Format] - Exporting Ultra.UFL_MBASE_DD22003
[Configuration/Ultra/Ultra Format] - Exporting Ultra.UFL_MBASE_DD25330
[Configuration/Ultra/Ultra Format] - Exporting Ultra.UFL_MBASE_DD25331
[Configuration/Ultra/Ultra Format] - Exporting Ultra.UFL_MBASE_DD25333
[Configuration/Ultra/Ultra Format] - Exporting Ultra.UFL_MBASE_DD25700
[Configuration/Ultra/Ultra Format] - Exporting Ultra.UFL_MBASE_DD25701
[Configuration/Ultra/Ultra Format] - Exporting Ultra.UFL_MBASE_DD26333
[Configuration/Ultra/Ultra Format] - Exporting Ultra.UFL_MBASE_IFS55540
[Configuration/Ultra/Ultra Format] - Exporting Ultra.UFL_MBASE_IFS55541
[Configuration/Ultra/Ultra Format] - Exporting Ultra.UFL_MBASE_LN83102
[Configuration/Ultra/Ultra Format] - Exporting Ultra.UFL_MBASE_LN83103
[Configuration/Ultra/Ultra Format] - Exporting Ultra.UFL_MBASE_LN83104
[Configuration/Ultra/Ultra Format] - Exporting Ultra.UFL_MBASE_LN83123
[Configuration/Ultra/Ultra Format] - Exporting Ultra.UFL_MBASE_LN86309
[Configuration/Ultra/Ultra Format] - Exporting Ultra.UFL_MBASE_LN87322
[Configuration/Ultra/Ultra Format] - Exporting Ultra.UFL_MBASE_Reject
[Configuration/Ultra/Ultra Format] - Exporting Ultra.UFL_MBASE_SS86707
[Configuration/Ultra/Ultra Format] - Exporting Ultra.UFL_NCB_ReturnsPaymentHistory
[Configuration/Ultra/Ultra Format] - Exporting Ultra.UFL_Rest
[Configuration/Ultra/Ultra Format] - Exporting Ultra.UFL_SYSLOG
[Configuration/Ultra/Ultra Format] - Exporting Ultra.UFL_Test_SMTP
[Configuration/Ultra/Ultra Format] - Exporting Ultra.UFL_TMQBK
[Configuration/Ultra/Ultra Format] - Exporting Ultra.UFL_TMQHB
[Configuration/Ultra/Ultra Format] - Exporting Ultra.UFL_TrackTCP
--------------------------------------------------
[Configuration/UPD/Aggregation Profile] - Exporting UPD.PRF_Aggregation_PassbookService
[Configuration/UPD/Aggregation Profile] - Exporting UPD.PRF_Aggregation_PassbookService_1
--------------------------------------------------
[Configuration/UPD/APL Code] - Exporting UPD.APL_PassbookService
--------------------------------------------------
[Configuration/UPD/WS Profile] - Exporting UPD.PRF_WS_CBSPassbookService
--------------------------------------------------
[Configuration/WorkFlow/Workflow] - Exporting WorkFlow.WFL_BatchMoveFile_FTP
[Configuration/WorkFlow/Workflow] - Exporting WorkFlow.WFL_CBSAccountService
[Configuration/WorkFlow/Workflow] - Exporting WorkFlow.WFL_CBSCustomerService
[Configuration/WorkFlow/Workflow] - Exporting WorkFlow.WFL_CBSLoanService
[Configuration/WorkFlow/Workflow] - Exporting WorkFlow.WFL_CBSService
[Configuration/WorkFlow/Workflow] - Exporting WorkFlow.WFL_IMBAccountService
[Configuration/WorkFlow/Workflow] - Exporting WorkFlow.WFL_IMBAddressService
[Configuration/WorkFlow/Workflow] - Exporting WorkFlow.WFL_IMBCustomerService
[Configuration/WorkFlow/Workflow] - Exporting WorkFlow.WFL_IMBLoanService
[Configuration/WorkFlow/Workflow] - Exporting WorkFlow.WFL_IMBStatementService
[Configuration/WorkFlow/Workflow] - Exporting WorkFlow.WFL_LegalService
[Configuration/WorkFlow/Workflow] - Exporting WorkFlow.WFL_LRMPaymentService
[Configuration/WorkFlow/Workflow] - Exporting WorkFlow.WFL_OutboundService
[Configuration/WorkFlow/Workflow] - Exporting WorkFlow.WFL_PassbookService
[Configuration/WorkFlow/Workflow] - Exporting WorkFlow.WFL_PPSCustomerService
[Configuration/WorkFlow/Workflow] - Exporting WorkFlow.WFL_PPSService
[Configuration/WorkFlow/Workflow] - Exporting WorkFlow.WFL_RequestNCB_Full
[Configuration/WorkFlow/Workflow] - Exporting WorkFlow.WFL_SCLService
[Configuration/WorkFlow/Workflow] - Exporting WorkFlow.WFL_SystemLogDump
[Configuration/WorkFlow/Workflow] - Exporting WorkFlow.WFL_UtilityService
--------------------------------------------------
[Configuration/WorkFlowDC/Workflow] - Exporting WorkFlowDC.WFL_Replicate
[Configuration/WorkFlowDC/Workflow] - Exporting WorkFlowDC.WFL_SystemExport
--------------------------------------------------
[Configuration/WorkFlowGroup/Workflow Group] - Exporting WorkFlowGroup.System_Log_Dump
[Configuration/WorkFlowGroup/Workflow Group] - Exporting WorkFlowGroup.System_Replicate
[Configuration/WorkFlowGroup/Workflow Group] - Exporting WorkFlowGroup.WFG_CheckStatus_All
--------------------------------------------------
Export finished at 2020-04-11 18:12:55
